Using pre-set license

 COMMAND LINE ARGUMENTS:
/Applications/Unity/Hub/Editor/2020.3.2f1/Unity.app/Contents/MacOS/Unity
-adb2
-batchMode
-noUpm
-name
AssetImportWorker0
-projectPath
/Users/mert/Desktop/Unity Projects/Argon Assault
-logFile
Logs/AssetImportWorker0.log
-srvPort
49161
Successfully changed project path to: /Users/mert/Desktop/Unity Projects/Argon Assault
/Users/mert/Desktop/Unity Projects/Argon Assault
Using Asset Import Pipeline V2.
Refreshing native plugins compatible for Editor in 33.93 ms, found 1 plugins.
Preloading 0 native plugins for Editor in 0.00 ms.
Initialize engine version: 2020.3.2f1 (8fd9074bf66c)
[Subsystems] Discovering subsystems at path /Applications/Unity/Hub/Editor/2020.3.2f1/Unity.app/Contents/Resources/UnitySubsystems
[Subsystems] Discovering subsystems at path /Users/mert/Desktop/Unity Projects/Argon Assault/Assets
GfxDevice: creating device client; threaded=0
2021-07-09 16:13:01.776 Unity[794:13369] Color LCD preferred device: Intel Iris Pro Graphics (low power)
2021-07-09 16:13:01.776 Unity[794:13369] Metal devices available: 2
2021-07-09 16:13:01.776 Unity[794:13369] 0: NVIDIA GeForce GT 750M (high power)
2021-07-09 16:13:01.777 Unity[794:13369] 1: Intel Iris Pro Graphics (low power)
2021-07-09 16:13:01.777 Unity[794:13369] Using device NVIDIA GeForce GT 750M (high power)
Initializing Metal device caps: NVIDIA GeForce GT 750M
Initialize mono
Mono path[0] = '/Applications/Unity/Hub/Editor/2020.3.2f1/Unity.app/Contents/Managed'
Mono path[1] = '/Applications/Unity/Hub/Editor/2020.3.2f1/Unity.app/Contents/MonoBleedingEdge/lib/mono/unityjit'
Mono config path = '/Applications/Unity/Hub/Editor/2020.3.2f1/Unity.app/Contents/MonoBleedingEdge/etc'
Using monoOptions --debugger-agent=transport=dt_socket,embedding=1,server=y,suspend=n,address=127.0.0.1:56794
Begin MonoManager ReloadAssembly
Registering precompiled unity dll's ...
Register platform support module: /Applications/Unity/Hub/Editor/2020.3.2f1/PlaybackEngines/WebGLSupport/UnityEditor.WebGL.Extensions.dll
Register platform support module: /Applications/Unity/Hub/Editor/2020.3.2f1/Unity.app/Contents/PlaybackEngines/MacStandaloneSupport/UnityEditor.OSXStandalone.Extensions.dll
Register platform support module: /Applications/Unity/Hub/Editor/2020.3.2f1/PlaybackEngines/WindowsStandaloneSupport/UnityEditor.WindowsStandalone.Extensions.dll
Registered in 0.002176 seconds.
Native extension for WindowsStandalone target not found
Native extension for OSXStandalone target not found
Native extension for WebGL target not found
Refreshing native plugins compatible for Editor in 114.43 ms, found 1 plugins.
Preloading 0 native plugins for Editor in 0.00 ms.
Invoked RoslynAnalysisRunner static constructor.
RoslynAnalysisRunner will not be running.
RoslynAnalysisRunner has terminated.
Mono: successfully reloaded assembly
- Completed reload, in  5.651 seconds
Platform modules already initialized, skipping
Registering precompiled user dll's ...
Registered in 0.000794 seconds.
Begin MonoManager ReloadAssembly
Native extension for WindowsStandalone target not found
Native extension for OSXStandalone target not found
Native extension for WebGL target not found
Refreshing native plugins compatible for Editor in 56.77 ms, found 1 plugins.
Preloading 0 native plugins for Editor in 0.00 ms.
Invoked RoslynAnalysisRunner static constructor.
RoslynAnalysisRunner will not be running.
RoslynAnalysisRunner has terminated.
Mono: successfully reloaded assembly
- Completed reload, in  2.211 seconds
Platform modules already initialized, skipping
========================================================================
Worker process is ready to serve import requests
Launching external process: /Applications/Unity/Hub/Editor/2020.3.2f1/Unity.app/Contents/Tools/UnityShaderCompiler
Launched and connected shader compiler UnityShaderCompiler after 0.02 seconds
Refreshing native plugins compatible for Editor in 0.37 ms, found 1 plugins.
Preloading 0 native plugins for Editor in 0.00 ms.
Unloading 1321 Unused Serialized files (Serialized files now loaded: 0)
System memory in use before: 161.2 MB.
System memory in use after: 161.1 MB.

Unloading 23 unused Assets to reduce memory usage. Loaded Objects now: 1795.
Total: 4.104910 ms (FindLiveObjects: 0.456426 ms CreateObjectMapping: 0.138682 ms MarkObjects: 3.155092 ms  DeleteObjects: 0.352706 ms)

========================================================================
Received Import Request.
  path: Assets/Scripts/PlayerControls.cs
  artifactKey: Guid(7b0ab86c64be24ab18ddef44e740cdd2) Importer(815301076,1909f56bfc062723c751e8b465ee728b)
Start importing Assets/Scripts/PlayerControls.cs using Guid(7b0ab86c64be24ab18ddef44e740cdd2) Importer(815301076,1909f56bfc062723c751e8b465ee728b)  -> (artifact id: '30bd31d968b8788c11d7d5b83b5a1c0a') in 0.501616 seconds
  Import took 0.505400 seconds .

========================================================================
Received Prepare
Registering precompiled user dll's ...
Registered in 0.000472 seconds.
Begin MonoManager ReloadAssembly
Native extension for WindowsStandalone target not found
Native extension for OSXStandalone target not found
Native extension for WebGL target not found
Refreshing native plugins compatible for Editor in 0.32 ms, found 1 plugins.
Preloading 0 native plugins for Editor in 0.00 ms.
Invoked RoslynAnalysisRunner static constructor.
RoslynAnalysisRunner will not be running.
RoslynAnalysisRunner has terminated.
Mono: successfully reloaded assembly
- Completed reload, in  1.244 seconds
Platform modules already initialized, skipping
Refreshing native plugins compatible for Editor in 0.34 ms, found 1 plugins.
Preloading 0 native plugins for Editor in 0.00 ms.
Unloading 1275 Unused Serialized files (Serialized files now loaded: 0)
System memory in use before: 161.9 MB.
System memory in use after: 161.8 MB.

Unloading 8 unused Assets to reduce memory usage. Loaded Objects now: 1798.
Total: 2.319542 ms (FindLiveObjects: 0.192748 ms CreateObjectMapping: 0.065981 ms MarkObjects: 1.797564 ms  DeleteObjects: 0.262284 ms)

========================================================================
Received Import Request.
  Time since last request: 1492.835007 seconds.
  path: Assets/Scripts/PlayerControls.cs
  artifactKey: Guid(7b0ab86c64be24ab18ddef44e740cdd2) Importer(815301076,1909f56bfc062723c751e8b465ee728b)
Start importing Assets/Scripts/PlayerControls.cs using Guid(7b0ab86c64be24ab18ddef44e740cdd2) Importer(815301076,1909f56bfc062723c751e8b465ee728b)  -> (artifact id: 'a7d7ad98daa4bca45c98ffac3e311530') in 0.074896 seconds
  Import took 0.078320 seconds .

========================================================================
Received Prepare
Registering precompiled user dll's ...
Registered in 0.000450 seconds.
Begin MonoManager ReloadAssembly
Native extension for WindowsStandalone target not found
Native extension for OSXStandalone target not found
Native extension for WebGL target not found
Refreshing native plugins compatible for Editor in 0.31 ms, found 1 plugins.
Preloading 0 native plugins for Editor in 0.00 ms.
Invoked RoslynAnalysisRunner static constructor.
RoslynAnalysisRunner will not be running.
RoslynAnalysisRunner has terminated.
Mono: successfully reloaded assembly
- Completed reload, in  1.193 seconds
Platform modules already initialized, skipping
Refreshing native plugins compatible for Editor in 0.30 ms, found 1 plugins.
Preloading 0 native plugins for Editor in 0.00 ms.
Unloading 1275 Unused Serialized files (Serialized files now loaded: 0)
System memory in use before: 162.4 MB.
System memory in use after: 162.2 MB.

Unloading 8 unused Assets to reduce memory usage. Loaded Objects now: 1801.
Total: 2.375490 ms (FindLiveObjects: 0.243757 ms CreateObjectMapping: 0.051977 ms MarkObjects: 1.782462 ms  DeleteObjects: 0.296181 ms)

========================================================================
Received Prepare
Registering precompiled user dll's ...
Registered in 0.000498 seconds.
Begin MonoManager ReloadAssembly
Native extension for WindowsStandalone target not found
Native extension for OSXStandalone target not found
Native extension for WebGL target not found
Refreshing native plugins compatible for Editor in 0.34 ms, found 1 plugins.
Preloading 0 native plugins for Editor in 0.00 ms.
Invoked RoslynAnalysisRunner static constructor.
RoslynAnalysisRunner will not be running.
RoslynAnalysisRunner has terminated.
Mono: successfully reloaded assembly
- Completed reload, in  1.193 seconds
Platform modules already initialized, skipping
Refreshing native plugins compatible for Editor in 0.29 ms, found 1 plugins.
Preloading 0 native plugins for Editor in 0.00 ms.
Unloading 1275 Unused Serialized files (Serialized files now loaded: 0)
System memory in use before: 162.7 MB.
System memory in use after: 162.6 MB.

Unloading 8 unused Assets to reduce memory usage. Loaded Objects now: 1804.
Total: 2.532042 ms (FindLiveObjects: 0.192032 ms CreateObjectMapping: 0.050251 ms MarkObjects: 2.013580 ms  DeleteObjects: 0.274829 ms)

========================================================================
Received Import Request.
  Time since last request: 670.877212 seconds.
  path: Assets/Prefabs/Player Rig.prefab
  artifactKey: Guid(d7ddcc193f97f49f18eb0e9f9bf6fe5f) Importer(815301076,1909f56bfc062723c751e8b465ee728b)
Start importing Assets/Prefabs/Player Rig.prefab using Guid(d7ddcc193f97f49f18eb0e9f9bf6fe5f) Importer(815301076,1909f56bfc062723c751e8b465ee728b)  -> (artifact id: '04e0e3cc95830ba448018eea4bc2c4b3') in 1.404651 seconds
  Import took 1.408667 seconds .

========================================================================
Received Import Request.
  Time since last request: 0.000283 seconds.
  path: Assets/Prefabs/Player Ship.prefab
  artifactKey: Guid(6c6015aedd9e9455d81a03cc2c1e2e81) Importer(815301076,1909f56bfc062723c751e8b465ee728b)
Start importing Assets/Prefabs/Player Ship.prefab using Guid(6c6015aedd9e9455d81a03cc2c1e2e81) Importer(815301076,1909f56bfc062723c751e8b465ee728b)  -> (artifact id: 'dc808f9c23b5016184e05ee618afab79') in 0.074241 seconds
  Import took 0.077957 seconds .

========================================================================
Received Import Request.
  Time since last request: 0.063342 seconds.
  path: Assets/Prefabs/Player Ship.prefab
  artifactKey: Guid(6c6015aedd9e9455d81a03cc2c1e2e81) Importer(815301076,1909f56bfc062723c751e8b465ee728b)
Start importing Assets/Prefabs/Player Ship.prefab using Guid(6c6015aedd9e9455d81a03cc2c1e2e81) Importer(815301076,1909f56bfc062723c751e8b465ee728b)  -> (artifact id: 'dc808f9c23b5016184e05ee618afab79') in 0.056477 seconds
  Import took 0.061015 seconds .

========================================================================
Received Prepare
Registering precompiled user dll's ...
Registered in 0.000433 seconds.
Begin MonoManager ReloadAssembly
Native extension for WindowsStandalone target not found
Native extension for OSXStandalone target not found
Native extension for WebGL target not found
Refreshing native plugins compatible for Editor in 0.35 ms, found 1 plugins.
Preloading 0 native plugins for Editor in 0.00 ms.
Invoked RoslynAnalysisRunner static constructor.
RoslynAnalysisRunner will not be running.
RoslynAnalysisRunner has terminated.
Mono: successfully reloaded assembly
- Completed reload, in  1.329 seconds
Platform modules already initialized, skipping
Refreshing native plugins compatible for Editor in 0.34 ms, found 1 plugins.
Preloading 0 native plugins for Editor in 0.00 ms.
Unloading 1275 Unused Serialized files (Serialized files now loaded: 0)
System memory in use before: 170.9 MB.
System memory in use after: 170.8 MB.

Unloading 8 unused Assets to reduce memory usage. Loaded Objects now: 1814.
Total: 2.813917 ms (FindLiveObjects: 0.276571 ms CreateObjectMapping: 0.089616 ms MarkObjects: 2.171416 ms  DeleteObjects: 0.274844 ms)

========================================================================
Received Import Request.
  Time since last request: 706.213101 seconds.
  path: Assets/Scripts/CollisionHandler.cs
  artifactKey: Guid(e6bc6309ce7e941aeb5afe4d81fdbbd0) Importer(815301076,1909f56bfc062723c751e8b465ee728b)
Start importing Assets/Scripts/CollisionHandler.cs using Guid(e6bc6309ce7e941aeb5afe4d81fdbbd0) Importer(815301076,1909f56bfc062723c751e8b465ee728b)  -> (artifact id: '3531bd2718349f423def0c753d6923f1') in 0.007415 seconds
  Import took 0.010313 seconds .

========================================================================
Received Prepare
Registering precompiled user dll's ...
Registered in 0.000466 seconds.
Begin MonoManager ReloadAssembly
Native extension for WindowsStandalone target not found
Native extension for OSXStandalone target not found
Native extension for WebGL target not found
Refreshing native plugins compatible for Editor in 0.30 ms, found 1 plugins.
Preloading 0 native plugins for Editor in 0.00 ms.
Invoked RoslynAnalysisRunner static constructor.
RoslynAnalysisRunner will not be running.
RoslynAnalysisRunner has terminated.
Mono: successfully reloaded assembly
- Completed reload, in  1.216 seconds
Platform modules already initialized, skipping
Refreshing native plugins compatible for Editor in 0.66 ms, found 1 plugins.
Preloading 0 native plugins for Editor in 0.00 ms.
Unloading 1276 Unused Serialized files (Serialized files now loaded: 0)
System memory in use before: 171.3 MB.
System memory in use after: 171.1 MB.

Unloading 8 unused Assets to reduce memory usage. Loaded Objects now: 1818.
Total: 3.355282 ms (FindLiveObjects: 0.210623 ms CreateObjectMapping: 0.088744 ms MarkObjects: 2.740963 ms  DeleteObjects: 0.313628 ms)

========================================================================
Received Import Request.
  Time since last request: 512.937695 seconds.
  path: Assets/Scripts/CollisionHandler.cs
  artifactKey: Guid(e6bc6309ce7e941aeb5afe4d81fdbbd0) Importer(815301076,1909f56bfc062723c751e8b465ee728b)
Start importing Assets/Scripts/CollisionHandler.cs using Guid(e6bc6309ce7e941aeb5afe4d81fdbbd0) Importer(815301076,1909f56bfc062723c751e8b465ee728b)  -> (artifact id: '6c419337e3cd4f174733faccb05523b2') in 0.007851 seconds
  Import took 0.010512 seconds .

========================================================================
Received Prepare
Registering precompiled user dll's ...
Registered in 0.000512 seconds.
Begin MonoManager ReloadAssembly
Native extension for WindowsStandalone target not found
Native extension for OSXStandalone target not found
Native extension for WebGL target not found
Refreshing native plugins compatible for Editor in 0.34 ms, found 1 plugins.
Preloading 0 native plugins for Editor in 0.00 ms.
Invoked RoslynAnalysisRunner static constructor.
RoslynAnalysisRunner will not be running.
RoslynAnalysisRunner has terminated.
Mono: successfully reloaded assembly
- Completed reload, in  1.281 seconds
Platform modules already initialized, skipping
Refreshing native plugins compatible for Editor in 0.31 ms, found 1 plugins.
Preloading 0 native plugins for Editor in 0.00 ms.
Unloading 1276 Unused Serialized files (Serialized files now loaded: 0)
System memory in use before: 171.7 MB.
System memory in use after: 171.6 MB.

Unloading 8 unused Assets to reduce memory usage. Loaded Objects now: 1821.
Total: 4.594330 ms (FindLiveObjects: 1.413754 ms CreateObjectMapping: 0.242144 ms MarkObjects: 2.593460 ms  DeleteObjects: 0.340140 ms)

