Using pre-set license

 COMMAND LINE ARGUMENTS:
/Applications/Unity/Hub/Editor/2020.3.2f1/Unity.app/Contents/MacOS/Unity
-adb2
-batchMode
-noUpm
-name
AssetImportWorker0
-projectPath
/Users/mert/Desktop/Unity Projects/Argon Assault
-logFile
Logs/AssetImportWorker0.log
-srvPort
49161
Successfully changed project path to: /Users/mert/Desktop/Unity Projects/Argon Assault
/Users/mert/Desktop/Unity Projects/Argon Assault
Using Asset Import Pipeline V2.
Refreshing native plugins compatible for Editor in 36.13 ms, found 1 plugins.
Preloading 0 native plugins for Editor in 0.00 ms.
Initialize engine version: 2020.3.2f1 (8fd9074bf66c)
[Subsystems] Discovering subsystems at path /Applications/Unity/Hub/Editor/2020.3.2f1/Unity.app/Contents/Resources/UnitySubsystems
[Subsystems] Discovering subsystems at path /Users/mert/Desktop/Unity Projects/Argon Assault/Assets
GfxDevice: creating device client; threaded=0
2021-07-12 19:41:14.735 Unity[615:7852] Color LCD preferred device: Intel Iris Pro Graphics (low power)
2021-07-12 19:41:14.735 Unity[615:7852] Metal devices available: 2
2021-07-12 19:41:14.735 Unity[615:7852] 0: NVIDIA GeForce GT 750M (high power)
2021-07-12 19:41:14.735 Unity[615:7852] 1: Intel Iris Pro Graphics (low power)
2021-07-12 19:41:14.736 Unity[615:7852] Using device NVIDIA GeForce GT 750M (high power)
Initializing Metal device caps: NVIDIA GeForce GT 750M
Initialize mono
Mono path[0] = '/Applications/Unity/Hub/Editor/2020.3.2f1/Unity.app/Contents/Managed'
Mono path[1] = '/Applications/Unity/Hub/Editor/2020.3.2f1/Unity.app/Contents/MonoBleedingEdge/lib/mono/unityjit'
Mono config path = '/Applications/Unity/Hub/Editor/2020.3.2f1/Unity.app/Contents/MonoBleedingEdge/etc'
Using monoOptions --debugger-agent=transport=dt_socket,embedding=1,server=y,suspend=n,address=127.0.0.1:56615
Begin MonoManager ReloadAssembly
Registering precompiled unity dll's ...
Register platform support module: /Applications/Unity/Hub/Editor/2020.3.2f1/PlaybackEngines/WebGLSupport/UnityEditor.WebGL.Extensions.dll
Register platform support module: /Applications/Unity/Hub/Editor/2020.3.2f1/Unity.app/Contents/PlaybackEngines/MacStandaloneSupport/UnityEditor.OSXStandalone.Extensions.dll
Register platform support module: /Applications/Unity/Hub/Editor/2020.3.2f1/PlaybackEngines/WindowsStandaloneSupport/UnityEditor.WindowsStandalone.Extensions.dll
Registered in 0.001006 seconds.
Native extension for WindowsStandalone target not found
Native extension for OSXStandalone target not found
Native extension for WebGL target not found
Refreshing native plugins compatible for Editor in 32.24 ms, found 1 plugins.
Preloading 0 native plugins for Editor in 0.00 ms.
Invoked RoslynAnalysisRunner static constructor.
RoslynAnalysisRunner will not be running.
RoslynAnalysisRunner has terminated.
Mono: successfully reloaded assembly
- Completed reload, in  3.272 seconds
Platform modules already initialized, skipping
Registering precompiled user dll's ...
Registered in 0.000489 seconds.
Begin MonoManager ReloadAssembly
Native extension for WindowsStandalone target not found
Native extension for OSXStandalone target not found
Native extension for WebGL target not found
Refreshing native plugins compatible for Editor in 32.28 ms, found 1 plugins.
Preloading 0 native plugins for Editor in 0.00 ms.
Invoked RoslynAnalysisRunner static constructor.
RoslynAnalysisRunner will not be running.
RoslynAnalysisRunner has terminated.
Mono: successfully reloaded assembly
- Completed reload, in  1.309 seconds
Platform modules already initialized, skipping
========================================================================
Worker process is ready to serve import requests
Launching external process: /Applications/Unity/Hub/Editor/2020.3.2f1/Unity.app/Contents/Tools/UnityShaderCompiler
Launched and connected shader compiler UnityShaderCompiler after 0.01 seconds
Refreshing native plugins compatible for Editor in 0.36 ms, found 1 plugins.
Preloading 0 native plugins for Editor in 0.00 ms.
Unloading 1372 Unused Serialized files (Serialized files now loaded: 0)
System memory in use before: 240.7 MB.
System memory in use after: 240.5 MB.

Unloading 23 unused Assets to reduce memory usage. Loaded Objects now: 1848.
Total: 2.872759 ms (FindLiveObjects: 0.284265 ms CreateObjectMapping: 0.068931 ms MarkObjects: 2.139671 ms  DeleteObjects: 0.378238 ms)

========================================================================
Received Import Request.
  path: Assets/Music & SFX
  artifactKey: Guid(741411552bce8454bab2195e5738c44c) Importer(815301076,1909f56bfc062723c751e8b465ee728b)
Start importing Assets/Music & SFX using Guid(741411552bce8454bab2195e5738c44c) Importer(815301076,1909f56bfc062723c751e8b465ee728b)  -> (artifact id: '33f73da16300e873b2a0c4bfb7de60ac') in 0.007446 seconds
  Import took 0.011524 seconds .

========================================================================
Received Import Request.
  Time since last request: 378.230098 seconds.
  path: Assets/Music & SFX/AA Music by GameDev.tv.mp3
  artifactKey: Guid(4c121f55f3254470bb5e0007b6b76f8a) Importer(815301076,1909f56bfc062723c751e8b465ee728b)
Start importing Assets/Music & SFX/AA Music by GameDev.tv.mp3 using Guid(4c121f55f3254470bb5e0007b6b76f8a) Importer(815301076,1909f56bfc062723c751e8b465ee728b)  -> (artifact id: '8f433ec1f8dd0a657c5e2671fa21f160') in 1.340253 seconds
  Import took 1.343824 seconds .

========================================================================
Received Import Request.
  Time since last request: 0.000261 seconds.
  path: Assets/Music & SFX/SFX_Explosion_Simple.ogg
  artifactKey: Guid(1f7692fc497984a81b9187385df2e14c) Importer(815301076,1909f56bfc062723c751e8b465ee728b)
Start importing Assets/Music & SFX/SFX_Explosion_Simple.ogg using Guid(1f7692fc497984a81b9187385df2e14c) Importer(815301076,1909f56bfc062723c751e8b465ee728b)  -> (artifact id: '426ee64eaf0cd46b0edb9f71991d4283') in 0.373317 seconds
  Import took 0.376045 seconds .

========================================================================
Received Import Request.
  Time since last request: 242.325471 seconds.
  path: Assets/Scripts/MusicPlayer.cs
  artifactKey: Guid(09e7972d9393d44c59f2fbe85ad2c2cf) Importer(815301076,1909f56bfc062723c751e8b465ee728b)
Start importing Assets/Scripts/MusicPlayer.cs using Guid(09e7972d9393d44c59f2fbe85ad2c2cf) Importer(815301076,1909f56bfc062723c751e8b465ee728b)  -> (artifact id: '70213c8fbd68f1378410b348847cd5f2') in 0.352108 seconds
  Import took 0.355758 seconds .

========================================================================
Received Prepare
Registering precompiled user dll's ...
Registered in 0.000445 seconds.
Begin MonoManager ReloadAssembly
Native extension for WindowsStandalone target not found
Native extension for OSXStandalone target not found
Native extension for WebGL target not found
Refreshing native plugins compatible for Editor in 0.34 ms, found 1 plugins.
Preloading 0 native plugins for Editor in 0.00 ms.
Invoked RoslynAnalysisRunner static constructor.
RoslynAnalysisRunner will not be running.
RoslynAnalysisRunner has terminated.
Mono: successfully reloaded assembly
- Completed reload, in  1.270 seconds
Platform modules already initialized, skipping
Refreshing native plugins compatible for Editor in 0.33 ms, found 1 plugins.
Preloading 0 native plugins for Editor in 0.00 ms.
Unloading 1314 Unused Serialized files (Serialized files now loaded: 0)
System memory in use before: 252.1 MB.
System memory in use after: 252.0 MB.

Unloading 8 unused Assets to reduce memory usage. Loaded Objects now: 1861.
Total: 2.998158 ms (FindLiveObjects: 0.253348 ms CreateObjectMapping: 0.100866 ms MarkObjects: 2.354565 ms  DeleteObjects: 0.288424 ms)

========================================================================
Received Prepare
Registering precompiled user dll's ...
Registered in 0.000430 seconds.
Begin MonoManager ReloadAssembly
Native extension for WindowsStandalone target not found
Native extension for OSXStandalone target not found
Native extension for WebGL target not found
Refreshing native plugins compatible for Editor in 0.35 ms, found 1 plugins.
Preloading 0 native plugins for Editor in 0.00 ms.
Invoked RoslynAnalysisRunner static constructor.
RoslynAnalysisRunner will not be running.
RoslynAnalysisRunner has terminated.
Mono: successfully reloaded assembly
- Completed reload, in  1.266 seconds
Platform modules already initialized, skipping
Refreshing native plugins compatible for Editor in 0.35 ms, found 1 plugins.
Preloading 0 native plugins for Editor in 0.00 ms.
Unloading 1314 Unused Serialized files (Serialized files now loaded: 0)
System memory in use before: 252.6 MB.
System memory in use after: 252.4 MB.

Unloading 8 unused Assets to reduce memory usage. Loaded Objects now: 1864.
Total: 2.361776 ms (FindLiveObjects: 0.189271 ms CreateObjectMapping: 0.067269 ms MarkObjects: 1.800542 ms  DeleteObjects: 0.303616 ms)

========================================================================
Received Import Request.
  Time since last request: 313.628595 seconds.
  path: Assets/Scripts/MusicPlayer.cs
  artifactKey: Guid(09e7972d9393d44c59f2fbe85ad2c2cf) Importer(815301076,1909f56bfc062723c751e8b465ee728b)
Start importing Assets/Scripts/MusicPlayer.cs using Guid(09e7972d9393d44c59f2fbe85ad2c2cf) Importer(815301076,1909f56bfc062723c751e8b465ee728b)  -> (artifact id: 'e9c9412729cb794dbffa8ac58a0303ac') in 0.007816 seconds
  Import took 0.010806 seconds .

========================================================================
Received Import Request.
  Time since last request: 144.842686 seconds.
  path: Assets/Prefabs/Enemies/Pest.prefab
  artifactKey: Guid(e7399673829c64509b0b0a8fb91f4959) Importer(815301076,1909f56bfc062723c751e8b465ee728b)
Start importing Assets/Prefabs/Enemies/Pest.prefab using Guid(e7399673829c64509b0b0a8fb91f4959) Importer(815301076,1909f56bfc062723c751e8b465ee728b)  -> (artifact id: 'c78c1e867628096ae2bd6ad8301f6f54') in 1.304855 seconds
  Import took 1.308759 seconds .

========================================================================
Received Import Request.
  Time since last request: 0.000303 seconds.
  path: Assets/Prefabs/Enemies/Rocket.prefab
  artifactKey: Guid(3e3ca4cb4754846b981bb6a11e9c5f21) Importer(815301076,1909f56bfc062723c751e8b465ee728b)
Start importing Assets/Prefabs/Enemies/Rocket.prefab using Guid(3e3ca4cb4754846b981bb6a11e9c5f21) Importer(815301076,1909f56bfc062723c751e8b465ee728b)  -> (artifact id: '8e567708958229e21e8fb3aca66f6331') in 0.057616 seconds
  Import took 0.061700 seconds .

========================================================================
Received Import Request.
  Time since last request: 0.000286 seconds.
  path: Assets/Prefabs/Enemies/Whoppa.prefab
  artifactKey: Guid(92bec3019c8a84b53ad2c00a2b19e1ad) Importer(815301076,1909f56bfc062723c751e8b465ee728b)
Start importing Assets/Prefabs/Enemies/Whoppa.prefab using Guid(92bec3019c8a84b53ad2c00a2b19e1ad) Importer(815301076,1909f56bfc062723c751e8b465ee728b)  -> (artifact id: '7049d2ebda1393e246fb91b64c947d00') in 0.066832 seconds
  Import took 0.070642 seconds .

========================================================================
Received Import Request.
  Time since last request: 0.000266 seconds.
  path: Assets/Prefabs/Enemies/Viper.prefab
  artifactKey: Guid(9f7fbeb9ae3204b718092632a74a0371) Importer(815301076,1909f56bfc062723c751e8b465ee728b)
Start importing Assets/Prefabs/Enemies/Viper.prefab using Guid(9f7fbeb9ae3204b718092632a74a0371) Importer(815301076,1909f56bfc062723c751e8b465ee728b)  -> (artifact id: 'cc88b5f385799a41cda74256aad3542e') in 0.044007 seconds
  Import took 0.047348 seconds .

========================================================================
Received Import Request.
  Time since last request: 0.000232 seconds.
  path: Assets/Prefabs/Enemies/Scout.prefab
  artifactKey: Guid(ec2d6dcce1ed74283815832a14eb3f60) Importer(815301076,1909f56bfc062723c751e8b465ee728b)
Start importing Assets/Prefabs/Enemies/Scout.prefab using Guid(ec2d6dcce1ed74283815832a14eb3f60) Importer(815301076,1909f56bfc062723c751e8b465ee728b)  -> (artifact id: 'bb5bd34133f46fa0db842718888b86db') in 0.058859 seconds
  Import took 0.062365 seconds .

========================================================================
Received Import Request.
  Time since last request: 22.066700 seconds.
  path: Assets/Prefabs/Enemies/Pest.prefab
  artifactKey: Guid(e7399673829c64509b0b0a8fb91f4959) Importer(815301076,1909f56bfc062723c751e8b465ee728b)
Start importing Assets/Prefabs/Enemies/Pest.prefab using Guid(e7399673829c64509b0b0a8fb91f4959) Importer(815301076,1909f56bfc062723c751e8b465ee728b)  -> (artifact id: 'd927fd790ef8f15a48afe95850e74e87') in 0.155860 seconds
  Import took 0.160088 seconds .

========================================================================
Received Import Request.
  Time since last request: 0.000258 seconds.
  path: Assets/Prefabs/Enemies/Rocket.prefab
  artifactKey: Guid(3e3ca4cb4754846b981bb6a11e9c5f21) Importer(815301076,1909f56bfc062723c751e8b465ee728b)
Start importing Assets/Prefabs/Enemies/Rocket.prefab using Guid(3e3ca4cb4754846b981bb6a11e9c5f21) Importer(815301076,1909f56bfc062723c751e8b465ee728b)  -> (artifact id: '7a8c571a444382c7437a43ee62f3ff9d') in 0.053791 seconds
  Import took 0.057522 seconds .

========================================================================
Received Import Request.
  Time since last request: 0.000262 seconds.
  path: Assets/Prefabs/Enemies/Whoppa.prefab
  artifactKey: Guid(92bec3019c8a84b53ad2c00a2b19e1ad) Importer(815301076,1909f56bfc062723c751e8b465ee728b)
Start importing Assets/Prefabs/Enemies/Whoppa.prefab using Guid(92bec3019c8a84b53ad2c00a2b19e1ad) Importer(815301076,1909f56bfc062723c751e8b465ee728b)  -> (artifact id: 'b3bd2370500ec236fdd78d407f7f2f01') in 0.050306 seconds
  Import took 0.054769 seconds .

========================================================================
Received Import Request.
  Time since last request: 0.000255 seconds.
  path: Assets/Prefabs/Enemies/Viper.prefab
  artifactKey: Guid(9f7fbeb9ae3204b718092632a74a0371) Importer(815301076,1909f56bfc062723c751e8b465ee728b)
Start importing Assets/Prefabs/Enemies/Viper.prefab using Guid(9f7fbeb9ae3204b718092632a74a0371) Importer(815301076,1909f56bfc062723c751e8b465ee728b)  -> (artifact id: '2cd6e161c83e668d01a0ae47dc2b3eb1') in 0.042740 seconds
  Import took 0.050699 seconds .

========================================================================
Received Import Request.
  Time since last request: 0.000287 seconds.
  path: Assets/Prefabs/Enemies/Scout.prefab
  artifactKey: Guid(ec2d6dcce1ed74283815832a14eb3f60) Importer(815301076,1909f56bfc062723c751e8b465ee728b)
Start importing Assets/Prefabs/Enemies/Scout.prefab using Guid(ec2d6dcce1ed74283815832a14eb3f60) Importer(815301076,1909f56bfc062723c751e8b465ee728b)  -> (artifact id: '2107b48c0a0fdcb0053d20a0cf619c8a') in 0.050502 seconds
  Import took 0.055305 seconds .

========================================================================
Received Import Request.
  Time since last request: 2.047294 seconds.
  path: Assets/Prefabs/Enemies/Pest.prefab
  artifactKey: Guid(e7399673829c64509b0b0a8fb91f4959) Importer(815301076,1909f56bfc062723c751e8b465ee728b)
Start importing Assets/Prefabs/Enemies/Pest.prefab using Guid(e7399673829c64509b0b0a8fb91f4959) Importer(815301076,1909f56bfc062723c751e8b465ee728b)  -> (artifact id: '6130e215dbcc4373db9d66a799027bdf') in 0.035724 seconds
  Import took 0.039967 seconds .

========================================================================
Received Import Request.
  Time since last request: 0.006635 seconds.
  path: Assets/Prefabs/Enemies/Pest.prefab
  artifactKey: Guid(e7399673829c64509b0b0a8fb91f4959) Importer(815301076,1909f56bfc062723c751e8b465ee728b)
Start importing Assets/Prefabs/Enemies/Pest.prefab using Guid(e7399673829c64509b0b0a8fb91f4959) Importer(815301076,1909f56bfc062723c751e8b465ee728b)  -> (artifact id: '6130e215dbcc4373db9d66a799027bdf') in 0.052630 seconds
  Import took 0.056423 seconds .

========================================================================
Received Import Request.
  Time since last request: 0.000349 seconds.
  path: Assets/Prefabs/Enemies/Rocket.prefab
  artifactKey: Guid(3e3ca4cb4754846b981bb6a11e9c5f21) Importer(815301076,1909f56bfc062723c751e8b465ee728b)
Start importing Assets/Prefabs/Enemies/Rocket.prefab using Guid(3e3ca4cb4754846b981bb6a11e9c5f21) Importer(815301076,1909f56bfc062723c751e8b465ee728b)  -> (artifact id: '20ae4d4552420f17968c4d76815fd254') in 0.048359 seconds
  Import took 0.052068 seconds .

========================================================================
Received Import Request.
  Time since last request: 0.000200 seconds.
  path: Assets/Prefabs/Enemies/Whoppa.prefab
  artifactKey: Guid(92bec3019c8a84b53ad2c00a2b19e1ad) Importer(815301076,1909f56bfc062723c751e8b465ee728b)
Start importing Assets/Prefabs/Enemies/Whoppa.prefab using Guid(92bec3019c8a84b53ad2c00a2b19e1ad) Importer(815301076,1909f56bfc062723c751e8b465ee728b)  -> (artifact id: '9d44e3fee1ef04744e0549e376b83b56') in 0.048531 seconds
  Import took 0.052437 seconds .

========================================================================
Received Import Request.
  Time since last request: 0.000381 seconds.
  path: Assets/Prefabs/Enemies/Scout.prefab
  artifactKey: Guid(ec2d6dcce1ed74283815832a14eb3f60) Importer(815301076,1909f56bfc062723c751e8b465ee728b)
Start importing Assets/Prefabs/Enemies/Scout.prefab using Guid(ec2d6dcce1ed74283815832a14eb3f60) Importer(815301076,1909f56bfc062723c751e8b465ee728b)  -> (artifact id: 'e058d54c765effa9e5d800dc7f207242') in 0.043233 seconds
  Import took 0.046796 seconds .

========================================================================
Received Import Request.
  Time since last request: 11.896217 seconds.
  path: Assets/Prefabs/Enemies/Pest.prefab
  artifactKey: Guid(e7399673829c64509b0b0a8fb91f4959) Importer(815301076,1909f56bfc062723c751e8b465ee728b)
Start importing Assets/Prefabs/Enemies/Pest.prefab using Guid(e7399673829c64509b0b0a8fb91f4959) Importer(815301076,1909f56bfc062723c751e8b465ee728b)  -> (artifact id: 'ac92d2628a9b5458f3e051e1185764b6') in 0.051157 seconds
  Import took 0.055175 seconds .

========================================================================
Received Import Request.
  Time since last request: 0.000315 seconds.
  path: Assets/Prefabs/Enemies/Rocket.prefab
  artifactKey: Guid(3e3ca4cb4754846b981bb6a11e9c5f21) Importer(815301076,1909f56bfc062723c751e8b465ee728b)
Start importing Assets/Prefabs/Enemies/Rocket.prefab using Guid(3e3ca4cb4754846b981bb6a11e9c5f21) Importer(815301076,1909f56bfc062723c751e8b465ee728b)  -> (artifact id: '92b1273bd98c3c71f71b3eb2a920aed4') in 0.047969 seconds
  Import took 0.052782 seconds .

========================================================================
Received Import Request.
  Time since last request: 0.000326 seconds.
  path: Assets/Prefabs/Enemies/Whoppa.prefab
  artifactKey: Guid(92bec3019c8a84b53ad2c00a2b19e1ad) Importer(815301076,1909f56bfc062723c751e8b465ee728b)
Start importing Assets/Prefabs/Enemies/Whoppa.prefab using Guid(92bec3019c8a84b53ad2c00a2b19e1ad) Importer(815301076,1909f56bfc062723c751e8b465ee728b)  -> (artifact id: 'e03f47059e1b53d78ed09aa15207106c') in 0.051715 seconds
  Import took 0.055576 seconds .

========================================================================
Received Import Request.
  Time since last request: 0.000258 seconds.
  path: Assets/Prefabs/Enemies/Viper.prefab
  artifactKey: Guid(9f7fbeb9ae3204b718092632a74a0371) Importer(815301076,1909f56bfc062723c751e8b465ee728b)
Start importing Assets/Prefabs/Enemies/Viper.prefab using Guid(9f7fbeb9ae3204b718092632a74a0371) Importer(815301076,1909f56bfc062723c751e8b465ee728b)  -> (artifact id: 'e5990656f25c181015ad4bd461c7e88b') in 0.046170 seconds
  Import took 0.049760 seconds .

========================================================================
Received Import Request.
  Time since last request: 0.000277 seconds.
  path: Assets/Prefabs/Enemies/Scout.prefab
  artifactKey: Guid(ec2d6dcce1ed74283815832a14eb3f60) Importer(815301076,1909f56bfc062723c751e8b465ee728b)
Start importing Assets/Prefabs/Enemies/Scout.prefab using Guid(ec2d6dcce1ed74283815832a14eb3f60) Importer(815301076,1909f56bfc062723c751e8b465ee728b)  -> (artifact id: '65375e7b2ce2414b161869369eb13c0b') in 0.034691 seconds
  Import took 0.038595 seconds .

========================================================================
Received Prepare
Registering precompiled user dll's ...
Registered in 0.000473 seconds.
Begin MonoManager ReloadAssembly
Native extension for WindowsStandalone target not found
Native extension for OSXStandalone target not found
Native extension for WebGL target not found
Refreshing native plugins compatible for Editor in 0.36 ms, found 1 plugins.
Preloading 0 native plugins for Editor in 0.00 ms.
Invoked RoslynAnalysisRunner static constructor.
RoslynAnalysisRunner will not be running.
RoslynAnalysisRunner has terminated.
Mono: successfully reloaded assembly
- Completed reload, in  1.309 seconds
Platform modules already initialized, skipping
Refreshing native plugins compatible for Editor in 0.36 ms, found 1 plugins.
Preloading 0 native plugins for Editor in 0.00 ms.
Unloading 1314 Unused Serialized files (Serialized files now loaded: 0)
System memory in use before: 257.9 MB.
System memory in use after: 257.7 MB.

Unloading 8 unused Assets to reduce memory usage. Loaded Objects now: 1868.
Total: 3.611090 ms (FindLiveObjects: 0.268388 ms CreateObjectMapping: 0.093191 ms MarkObjects: 2.880925 ms  DeleteObjects: 0.366624 ms)

========================================================================
Received Import Request.
  Time since last request: 528.217535 seconds.
  path: Assets/Prefabs/Enemy Explosion VFX.prefab
  artifactKey: Guid(a44db115207f14d3bbdd07af7a0d5cab) Importer(815301076,1909f56bfc062723c751e8b465ee728b)
Start importing Assets/Prefabs/Enemy Explosion VFX.prefab using Guid(a44db115207f14d3bbdd07af7a0d5cab) Importer(815301076,1909f56bfc062723c751e8b465ee728b)  -> (artifact id: 'bfb751f0526e014c1e8ad1d047113d42') in 0.033736 seconds
  Import took 0.036936 seconds .

========================================================================
Received Import Request.
  Time since last request: 15.540700 seconds.
  path: Assets/Prefabs/Enemy Explosion VFX.prefab
  artifactKey: Guid(a44db115207f14d3bbdd07af7a0d5cab) Importer(815301076,1909f56bfc062723c751e8b465ee728b)
Start importing Assets/Prefabs/Enemy Explosion VFX.prefab using Guid(a44db115207f14d3bbdd07af7a0d5cab) Importer(815301076,1909f56bfc062723c751e8b465ee728b)  -> (artifact id: 'e561bcc9f224db42b4e1958be066549d') in 0.005388 seconds
  Import took 0.010026 seconds .

========================================================================
Received Import Request.
  Time since last request: 14.379804 seconds.
  path: Assets/Prefabs/Enemy Explosion VFX % SFX.prefab
  artifactKey: Guid(a44db115207f14d3bbdd07af7a0d5cab) Importer(815301076,1909f56bfc062723c751e8b465ee728b)
Start importing Assets/Prefabs/Enemy Explosion VFX % SFX.prefab using Guid(a44db115207f14d3bbdd07af7a0d5cab) Importer(815301076,1909f56bfc062723c751e8b465ee728b)  -> (artifact id: '2c2d26fb708694bcfdb18e2c25eac0f3') in 0.005378 seconds
  Import took 0.009103 seconds .

========================================================================
Received Import Request.
  Time since last request: 47.507002 seconds.
  path: Assets/Prefabs/Enemy Explosion VFX & SFX.prefab
  artifactKey: Guid(a44db115207f14d3bbdd07af7a0d5cab) Importer(815301076,1909f56bfc062723c751e8b465ee728b)
Start importing Assets/Prefabs/Enemy Explosion VFX & SFX.prefab using Guid(a44db115207f14d3bbdd07af7a0d5cab) Importer(815301076,1909f56bfc062723c751e8b465ee728b)  -> (artifact id: '2dff30000e1a9c5de30022bc4bfd8dd4') in 0.005149 seconds
  Import took 0.008925 seconds .

========================================================================
Received Prepare
Registering precompiled user dll's ...
Registered in 0.000460 seconds.
Begin MonoManager ReloadAssembly
Native extension for WindowsStandalone target not found
Native extension for OSXStandalone target not found
Native extension for WebGL target not found
Refreshing native plugins compatible for Editor in 0.35 ms, found 1 plugins.
Preloading 0 native plugins for Editor in 0.00 ms.
Invoked RoslynAnalysisRunner static constructor.
RoslynAnalysisRunner will not be running.
RoslynAnalysisRunner has terminated.
Mono: successfully reloaded assembly
- Completed reload, in  1.279 seconds
Platform modules already initialized, skipping
Refreshing native plugins compatible for Editor in 0.33 ms, found 1 plugins.
Preloading 0 native plugins for Editor in 0.00 ms.
Unloading 1314 Unused Serialized files (Serialized files now loaded: 0)
System memory in use before: 258.3 MB.
System memory in use after: 258.2 MB.

Unloading 8 unused Assets to reduce memory usage. Loaded Objects now: 1871.
Total: 2.642358 ms (FindLiveObjects: 0.265807 ms CreateObjectMapping: 0.058821 ms MarkObjects: 1.981483 ms  DeleteObjects: 0.334706 ms)

========================================================================
Received Import Request.
  Time since last request: 200.328193 seconds.
  path: Assets/Prefabs/Enemies/Pest.prefab
  artifactKey: Guid(e7399673829c64509b0b0a8fb91f4959) Importer(815301076,1909f56bfc062723c751e8b465ee728b)
Start importing Assets/Prefabs/Enemies/Pest.prefab using Guid(e7399673829c64509b0b0a8fb91f4959) Importer(815301076,1909f56bfc062723c751e8b465ee728b)  -> (artifact id: '36b27b8a160bd23936fda918f301187c') in 0.192474 seconds
  Import took 0.197194 seconds .

========================================================================
Received Import Request.
  Time since last request: 0.000252 seconds.
  path: Assets/Prefabs/Enemies/Rocket.prefab
  artifactKey: Guid(3e3ca4cb4754846b981bb6a11e9c5f21) Importer(815301076,1909f56bfc062723c751e8b465ee728b)
Start importing Assets/Prefabs/Enemies/Rocket.prefab using Guid(3e3ca4cb4754846b981bb6a11e9c5f21) Importer(815301076,1909f56bfc062723c751e8b465ee728b)  -> (artifact id: 'a2e9ceee6602a4c00025dbadf3441a22') in 0.107982 seconds
  Import took 0.111641 seconds .

========================================================================
Received Import Request.
  Time since last request: 0.000267 seconds.
  path: Assets/Prefabs/Enemies/Whoppa.prefab
  artifactKey: Guid(92bec3019c8a84b53ad2c00a2b19e1ad) Importer(815301076,1909f56bfc062723c751e8b465ee728b)
Start importing Assets/Prefabs/Enemies/Whoppa.prefab using Guid(92bec3019c8a84b53ad2c00a2b19e1ad) Importer(815301076,1909f56bfc062723c751e8b465ee728b)  -> (artifact id: 'f4bbac96396debdeee09c36c8da65af8') in 0.054909 seconds
  Import took 0.060050 seconds .

========================================================================
Received Import Request.
  Time since last request: 0.000279 seconds.
  path: Assets/Prefabs/Enemies/Viper.prefab
  artifactKey: Guid(9f7fbeb9ae3204b718092632a74a0371) Importer(815301076,1909f56bfc062723c751e8b465ee728b)
Start importing Assets/Prefabs/Enemies/Viper.prefab using Guid(9f7fbeb9ae3204b718092632a74a0371) Importer(815301076,1909f56bfc062723c751e8b465ee728b)  -> (artifact id: '9a256fee6dce3defb71b02b05d0a686a') in 0.044988 seconds
  Import took 0.048550 seconds .

========================================================================
Received Import Request.
  Time since last request: 0.000199 seconds.
  path: Assets/Prefabs/Enemies/Scout.prefab
  artifactKey: Guid(ec2d6dcce1ed74283815832a14eb3f60) Importer(815301076,1909f56bfc062723c751e8b465ee728b)
Start importing Assets/Prefabs/Enemies/Scout.prefab using Guid(ec2d6dcce1ed74283815832a14eb3f60) Importer(815301076,1909f56bfc062723c751e8b465ee728b)  -> (artifact id: '8ed06d20fb47106bb2cc1a7ce71e2ed7') in 0.039375 seconds
  Import took 0.042932 seconds .

========================================================================
Received Import Request.
  Time since last request: 27.802038 seconds.
  path: Assets/Prefabs/Enemies/Pest.prefab
  artifactKey: Guid(e7399673829c64509b0b0a8fb91f4959) Importer(815301076,1909f56bfc062723c751e8b465ee728b)
Start importing Assets/Prefabs/Enemies/Pest.prefab using Guid(e7399673829c64509b0b0a8fb91f4959) Importer(815301076,1909f56bfc062723c751e8b465ee728b)  -> (artifact id: '654306fc78dc65277e0abc0105dcf881') in 0.098819 seconds
  Import took 0.103053 seconds .

========================================================================
Received Import Request.
  Time since last request: 0.000217 seconds.
  path: Assets/Prefabs/Enemies/Rocket.prefab
  artifactKey: Guid(3e3ca4cb4754846b981bb6a11e9c5f21) Importer(815301076,1909f56bfc062723c751e8b465ee728b)
Start importing Assets/Prefabs/Enemies/Rocket.prefab using Guid(3e3ca4cb4754846b981bb6a11e9c5f21) Importer(815301076,1909f56bfc062723c751e8b465ee728b)  -> (artifact id: 'dd2ac8292ef749566fcb4ad1853afb75') in 0.033516 seconds
  Import took 0.037150 seconds .

========================================================================
Received Import Request.
  Time since last request: 0.000312 seconds.
  path: Assets/Prefabs/Enemies/Whoppa.prefab
  artifactKey: Guid(92bec3019c8a84b53ad2c00a2b19e1ad) Importer(815301076,1909f56bfc062723c751e8b465ee728b)
Start importing Assets/Prefabs/Enemies/Whoppa.prefab using Guid(92bec3019c8a84b53ad2c00a2b19e1ad) Importer(815301076,1909f56bfc062723c751e8b465ee728b)  -> (artifact id: '3aa00c13bea06f4ee06f38228fbcd2a7') in 0.035489 seconds
  Import took 0.039444 seconds .

========================================================================
Received Import Request.
  Time since last request: 0.000231 seconds.
  path: Assets/Prefabs/Enemies/Viper.prefab
  artifactKey: Guid(9f7fbeb9ae3204b718092632a74a0371) Importer(815301076,1909f56bfc062723c751e8b465ee728b)
Start importing Assets/Prefabs/Enemies/Viper.prefab using Guid(9f7fbeb9ae3204b718092632a74a0371) Importer(815301076,1909f56bfc062723c751e8b465ee728b)  -> (artifact id: 'fd8cb95cacc6e0a6a4c65f8cdb8d8b93') in 0.041125 seconds
  Import took 0.045640 seconds .

========================================================================
Received Import Request.
  Time since last request: 0.000275 seconds.
  path: Assets/Prefabs/Enemies/Scout.prefab
  artifactKey: Guid(ec2d6dcce1ed74283815832a14eb3f60) Importer(815301076,1909f56bfc062723c751e8b465ee728b)
Start importing Assets/Prefabs/Enemies/Scout.prefab using Guid(ec2d6dcce1ed74283815832a14eb3f60) Importer(815301076,1909f56bfc062723c751e8b465ee728b)  -> (artifact id: '03fd6d3463deecc604dd50f43c6ac6c3') in 0.040949 seconds
  Import took 0.045708 seconds .

========================================================================
Received Prepare
Registering precompiled user dll's ...
Registered in 0.000417 seconds.
Begin MonoManager ReloadAssembly
Native extension for WindowsStandalone target not found
Native extension for OSXStandalone target not found
Native extension for WebGL target not found
Refreshing native plugins compatible for Editor in 0.36 ms, found 1 plugins.
Preloading 0 native plugins for Editor in 0.00 ms.
Invoked RoslynAnalysisRunner static constructor.
RoslynAnalysisRunner will not be running.
RoslynAnalysisRunner has terminated.
Mono: successfully reloaded assembly
- Completed reload, in  1.271 seconds
Platform modules already initialized, skipping
Refreshing native plugins compatible for Editor in 0.32 ms, found 1 plugins.
Preloading 0 native plugins for Editor in 0.00 ms.
Unloading 1314 Unused Serialized files (Serialized files now loaded: 0)
System memory in use before: 259.0 MB.
System memory in use after: 258.9 MB.

Unloading 8 unused Assets to reduce memory usage. Loaded Objects now: 1875.
Total: 2.952875 ms (FindLiveObjects: 0.276320 ms CreateObjectMapping: 0.065846 ms MarkObjects: 2.256542 ms  DeleteObjects: 0.352512 ms)

========================================================================
Received Import Request.
  Time since last request: 210.046128 seconds.
  path: Assets/Prefabs/New Folder
  artifactKey: Guid(7fda71bf9adf344ff8fd8175310e7ce4) Importer(815301076,1909f56bfc062723c751e8b465ee728b)
Start importing Assets/Prefabs/New Folder using Guid(7fda71bf9adf344ff8fd8175310e7ce4) Importer(815301076,1909f56bfc062723c751e8b465ee728b)  -> (artifact id: '36bf16cfb123e71dbe2a6080c5e7e6aa') in 0.006202 seconds
  Import took 0.009858 seconds .

========================================================================
Received Import Request.
  Time since last request: 19.085484 seconds.
  path: Assets/Font
  artifactKey: Guid(092959f975ddb48ff88fb862344f7692) Importer(815301076,1909f56bfc062723c751e8b465ee728b)
Start importing Assets/Font using Guid(092959f975ddb48ff88fb862344f7692) Importer(815301076,1909f56bfc062723c751e8b465ee728b)  -> (artifact id: '0678a3e81a5155de11d8d5e1630435d9') in 0.001702 seconds
  Import took 0.004443 seconds .

========================================================================
Received Import Request.
  Time since last request: 17.577349 seconds.
  path: Assets/Materials
  artifactKey: Guid(f473d118e2bf54efeb0e9a8f4753af0b) Importer(815301076,1909f56bfc062723c751e8b465ee728b)
Start importing Assets/Materials using Guid(f473d118e2bf54efeb0e9a8f4753af0b) Importer(815301076,1909f56bfc062723c751e8b465ee728b)  -> (artifact id: '57a54ed239579ccceb6dcb8eff697ab8') in 0.001515 seconds
  Import took 0.004017 seconds .

========================================================================
Received Import Request.
  Time since last request: 19.245317 seconds.
  path: Assets/Materials/Skybox.mat
  artifactKey: Guid(aef287172a6024b21a37073f91482f33) Importer(815301076,1909f56bfc062723c751e8b465ee728b)
Start importing Assets/Materials/Skybox.mat using Guid(aef287172a6024b21a37073f91482f33) Importer(815301076,1909f56bfc062723c751e8b465ee728b)  -> (artifact id: '87affbf0d9e3024a9aeb908010be5a42') in 0.500633 seconds
  Import took 0.503791 seconds .

========================================================================
Received Import Request.
  Time since last request: 383.826360 seconds.
  path: Assets/Materials/Skybox.mat
  artifactKey: Guid(aef287172a6024b21a37073f91482f33) Importer(815301076,1909f56bfc062723c751e8b465ee728b)
Start importing Assets/Materials/Skybox.mat using Guid(aef287172a6024b21a37073f91482f33) Importer(815301076,1909f56bfc062723c751e8b465ee728b)  -> (artifact id: '61bb0eb0b1bbc5fd325d12c16a36082f') in 0.478462 seconds
  Import took 0.482112 seconds .

========================================================================
Received Import Request.
  Time since last request: 48.441052 seconds.
  path: Assets/SkyBox Volume 2
  artifactKey: Guid(ea1ee380fad1f440e90ac1af1f9155da) Importer(815301076,1909f56bfc062723c751e8b465ee728b)
Start importing Assets/SkyBox Volume 2 using Guid(ea1ee380fad1f440e90ac1af1f9155da) Importer(815301076,1909f56bfc062723c751e8b465ee728b)  -> (artifact id: '7d49b2457277fa3f15d7005eaa5fcbee') in 0.001454 seconds
  Import took 0.004453 seconds .

========================================================================
Received Import Request.
  Time since last request: 0.001091 seconds.
  path: Assets/SkyBox Volume 2
  artifactKey: Guid(ea1ee380fad1f440e90ac1af1f9155da) Importer(815301076,1909f56bfc062723c751e8b465ee728b)
Start importing Assets/SkyBox Volume 2 using Guid(ea1ee380fad1f440e90ac1af1f9155da) Importer(815301076,1909f56bfc062723c751e8b465ee728b)  -> (artifact id: '7d49b2457277fa3f15d7005eaa5fcbee') in 0.001129 seconds
  Import took 0.006538 seconds .

========================================================================
Received Import Request.
  Time since last request: 111.698998 seconds.
  path: Assets/AssetPacks/SkyBox Volume 2/DeepSpaceGreenWithPlanet
  artifactKey: Guid(96d377ec48f694072b5dbac6f3a5d958) Importer(815301076,1909f56bfc062723c751e8b465ee728b)
Start importing Assets/AssetPacks/SkyBox Volume 2/DeepSpaceGreenWithPlanet using Guid(96d377ec48f694072b5dbac6f3a5d958) Importer(815301076,1909f56bfc062723c751e8b465ee728b)  -> (artifact id: '5548a9df2be0b81ae4f75a2a2007834f') in 0.001345 seconds
  Import took 0.004016 seconds .

========================================================================
Received Import Request.
  Time since last request: 0.125757 seconds.
  path: Assets/AssetPacks/SkyBox Volume 2/DeepSpaceGreenWithPlanet/backImage.png
  artifactKey: Guid(b8eac033bd49f0f4a8914a7454a2ec3c) Importer(815301076,1909f56bfc062723c751e8b465ee728b)
Start importing Assets/AssetPacks/SkyBox Volume 2/DeepSpaceGreenWithPlanet/backImage.png using Guid(b8eac033bd49f0f4a8914a7454a2ec3c) Importer(815301076,1909f56bfc062723c751e8b465ee728b)  -> (artifact id: '4091ba7c930a6470cb97959e8cdf94d8') in 1.109907 seconds
  Import took 1.113203 seconds .

========================================================================
Received Import Request.
  Time since last request: 0.000242 seconds.
  path: Assets/AssetPacks/SkyBox Volume 2/DeepSpaceGreenWithPlanet/upImage.png
  artifactKey: Guid(82671bcdbbcc6f54c86c3c2c6ed06aa8) Importer(815301076,1909f56bfc062723c751e8b465ee728b)
Start importing Assets/AssetPacks/SkyBox Volume 2/DeepSpaceGreenWithPlanet/upImage.png using Guid(82671bcdbbcc6f54c86c3c2c6ed06aa8) Importer(815301076,1909f56bfc062723c751e8b465ee728b)  -> (artifact id: 'f3680eb799309019034328c99f6a66e3') in 0.009589 seconds
  Import took 0.011907 seconds .

========================================================================
Received Import Request.
  Time since last request: 0.000228 seconds.
  path: Assets/AssetPacks/SkyBox Volume 2/DeepSpaceGreenWithPlanet/downImage.png
  artifactKey: Guid(06d8be9df22e9d443a0aefb29905bd87) Importer(815301076,1909f56bfc062723c751e8b465ee728b)
Start importing Assets/AssetPacks/SkyBox Volume 2/DeepSpaceGreenWithPlanet/downImage.png using Guid(06d8be9df22e9d443a0aefb29905bd87) Importer(815301076,1909f56bfc062723c751e8b465ee728b)  -> (artifact id: '9521d4887ef4bbb6c9ebdf3b5d6343db') in 0.013247 seconds
  Import took 0.016882 seconds .

========================================================================
Received Import Request.
  Time since last request: 0.000445 seconds.
  path: Assets/AssetPacks/SkyBox Volume 2/DeepSpaceGreenWithPlanet/DSGWP.mat
  artifactKey: Guid(5b21c6a8ce40f9641bd1204324b90b2c) Importer(815301076,1909f56bfc062723c751e8b465ee728b)
Start importing Assets/AssetPacks/SkyBox Volume 2/DeepSpaceGreenWithPlanet/DSGWP.mat using Guid(5b21c6a8ce40f9641bd1204324b90b2c) Importer(815301076,1909f56bfc062723c751e8b465ee728b)  -> (artifact id: 'ae13a464b248b3f846b9b2958caf0f75') in 0.525241 seconds
  Import took 0.528542 seconds .

========================================================================
Received Import Request.
  Time since last request: 0.000243 seconds.
  path: Assets/AssetPacks/SkyBox Volume 2/DeepSpaceGreenWithPlanet/leftImage.png
  artifactKey: Guid(25f74bd5fd43fe94a9bf7a33040c8fbf) Importer(815301076,1909f56bfc062723c751e8b465ee728b)
Start importing Assets/AssetPacks/SkyBox Volume 2/DeepSpaceGreenWithPlanet/leftImage.png using Guid(25f74bd5fd43fe94a9bf7a33040c8fbf) Importer(815301076,1909f56bfc062723c751e8b465ee728b)  -> (artifact id: '7a31fb840a98ea1aa37e4d832bd9c9ea') in 0.009635 seconds
  Import took 0.011759 seconds .

========================================================================
Received Import Request.
  Time since last request: 0.000224 seconds.
  path: Assets/AssetPacks/SkyBox Volume 2/DeepSpaceGreenWithPlanet/frontImage.png
  artifactKey: Guid(400d172508883dc4eb23264cb156581f) Importer(815301076,1909f56bfc062723c751e8b465ee728b)
Start importing Assets/AssetPacks/SkyBox Volume 2/DeepSpaceGreenWithPlanet/frontImage.png using Guid(400d172508883dc4eb23264cb156581f) Importer(815301076,1909f56bfc062723c751e8b465ee728b)  -> (artifact id: 'd86cfc0def9d5f5cecd0a3dbd14a7b28') in 0.013217 seconds
  Import took 0.015588 seconds .

========================================================================
Received Import Request.
  Time since last request: 0.000194 seconds.
  path: Assets/AssetPacks/SkyBox Volume 2/DeepSpaceGreenWithPlanet/rightImage.png
  artifactKey: Guid(61e6c3739167eb34abfef78dcc131203) Importer(815301076,1909f56bfc062723c751e8b465ee728b)
Start importing Assets/AssetPacks/SkyBox Volume 2/DeepSpaceGreenWithPlanet/rightImage.png using Guid(61e6c3739167eb34abfef78dcc131203) Importer(815301076,1909f56bfc062723c751e8b465ee728b)  -> (artifact id: '3396de2e466f2da11507fb27bcf4ac9c') in 0.014834 seconds
  Import took 0.017151 seconds .

========================================================================
Received Import Request.
  Time since last request: 0.007426 seconds.
  path: Assets/AssetPacks/SkyBox Volume 2/DeepSpaceGreenWithPlanet/rightImage.png
  artifactKey: Guid(61e6c3739167eb34abfef78dcc131203) Importer(815301076,1909f56bfc062723c751e8b465ee728b)
Start importing Assets/AssetPacks/SkyBox Volume 2/DeepSpaceGreenWithPlanet/rightImage.png using Guid(61e6c3739167eb34abfef78dcc131203) Importer(815301076,1909f56bfc062723c751e8b465ee728b)  -> (artifact id: '3396de2e466f2da11507fb27bcf4ac9c') in 0.013406 seconds
  Import took 0.016458 seconds .

========================================================================
Received Prepare
Registering precompiled user dll's ...
Registered in 0.000409 seconds.
Begin MonoManager ReloadAssembly
Native extension for WindowsStandalone target not found
Native extension for OSXStandalone target not found
Native extension for WebGL target not found
Refreshing native plugins compatible for Editor in 1.25 ms, found 1 plugins.
Preloading 0 native plugins for Editor in 0.00 ms.
Invoked RoslynAnalysisRunner static constructor.
RoslynAnalysisRunner will not be running.
RoslynAnalysisRunner has terminated.
Mono: successfully reloaded assembly
- Completed reload, in  1.336 seconds
Platform modules already initialized, skipping
Refreshing native plugins compatible for Editor in 0.36 ms, found 1 plugins.
Preloading 0 native plugins for Editor in 0.00 ms.
Unloading 1314 Unused Serialized files (Serialized files now loaded: 0)
System memory in use before: 269.1 MB.
System memory in use after: 269.0 MB.

Unloading 8 unused Assets to reduce memory usage. Loaded Objects now: 1916.
Total: 2.943641 ms (FindLiveObjects: 0.257502 ms CreateObjectMapping: 0.052400 ms MarkObjects: 2.317033 ms  DeleteObjects: 0.315002 ms)

========================================================================
Received Import Request.
  Time since last request: 949.766732 seconds.
  path: Assets/AssetPacks/SkyBox Volume 2/DeepSpaceGreenWithPlanet/DSGWP.mat
  artifactKey: Guid(5b21c6a8ce40f9641bd1204324b90b2c) Importer(815301076,1909f56bfc062723c751e8b465ee728b)
Start importing Assets/AssetPacks/SkyBox Volume 2/DeepSpaceGreenWithPlanet/DSGWP.mat using Guid(5b21c6a8ce40f9641bd1204324b90b2c) Importer(815301076,1909f56bfc062723c751e8b465ee728b)  -> (artifact id: '031da0192c10642f97df743bf597e6b7') in 0.110158 seconds
  Import took 0.113549 seconds .

========================================================================
Received Prepare
Registering precompiled user dll's ...
Registered in 0.000565 seconds.
Begin MonoManager ReloadAssembly
Native extension for WindowsStandalone target not found
Native extension for OSXStandalone target not found
Native extension for WebGL target not found
Refreshing native plugins compatible for Editor in 0.33 ms, found 1 plugins.
Preloading 0 native plugins for Editor in 0.00 ms.
Invoked RoslynAnalysisRunner static constructor.
RoslynAnalysisRunner will not be running.
RoslynAnalysisRunner has terminated.
Mono: successfully reloaded assembly
- Completed reload, in  1.281 seconds
Platform modules already initialized, skipping
Refreshing native plugins compatible for Editor in 0.33 ms, found 1 plugins.
Preloading 0 native plugins for Editor in 0.00 ms.
Unloading 1314 Unused Serialized files (Serialized files now loaded: 0)
System memory in use before: 269.6 MB.
System memory in use after: 269.5 MB.

Unloading 8 unused Assets to reduce memory usage. Loaded Objects now: 1920.
Total: 2.418517 ms (FindLiveObjects: 0.220806 ms CreateObjectMapping: 0.056295 ms MarkObjects: 1.829172 ms  DeleteObjects: 0.310571 ms)

